proguard/seeds.txt
com.amos.test.MainActivity
com.amos.test.MainActivity: MainActivity()